<?xml version="1.0" encoding="UTF-8"?>
<!-- Generated by org.testng.reporters.JUnitXMLReporter -->
<testsuite ignored="0" hostname="LAPTOP-6PVDP05M" failures="0" tests="2" name="Test" time="33.664" errors="0" timestamp="2023-12-18T21:15:10 IST">
  <testcase classname="com.mystore.testcases.TC_002_DataProviderTest_HashMap" name="VerifyLoginTest" time="3.976"/>
  <testcase classname="com.mystore.testcases.TC_002_DataProviderTest_HashMap" name="VerifyLoginTest" time="3.622"/>
</testsuite> <!-- Test -->
