<?xml version="1.0" encoding="UTF-8"?>
<!-- Generated by org.testng.reporters.JUnitXMLReporter -->
<testsuite ignored="0" hostname="LAPTOP-6PVDP05M" failures="0" tests="2" name="Test" time="23.545" errors="0" timestamp="21 Dec 2023 05:47:46 GMT">
  <testcase classname="com.mystore.testcases.TC_002_DataProviderTest_HashMap" name="VerifyLoginTest" time="3.247"/>
  <testcase classname="com.mystore.testcases.TC_002_DataProviderTest_HashMap" name="VerifyLoginTest" time="2.296"/>
</testsuite> <!-- Test -->
