<?xml version="1.0" encoding="UTF-8"?>
<testng-results ignored="0" total="2" passed="2" failed="0" skipped="0">
  <reporter-output>
  </reporter-output>
  <suite started-at="2023-12-18T21:14:36 IST" name="Suite" finished-at="2023-12-18T21:15:10 IST" duration-ms="33664">
    <groups>
    </groups>
    <test started-at="2023-12-18T21:14:36 IST" name="Test" finished-at="2023-12-18T21:15:10 IST" duration-ms="33664">
      <class name="com.mystore.testcases.TC_002_DataProviderTest_HashMap">
        <test-method is-config="true" signature="setup()[pri:0, instance:com.mystore.testcases.TC_002_DataProviderTest_HashMap@20ccf40b]" started-at="2023-12-18T21:14:36 IST" name="setup" finished-at="2023-12-18T21:14:53 IST" duration-ms="16700" status="PASS">
          <reporter-output>
          </reporter-output>
        </test-method> <!-- setup -->
        <test-method signature="VerifyLoginTest(java.util.HashMap)[pri:0, instance:com.mystore.testcases.TC_002_DataProviderTest_HashMap@20ccf40b]" started-at="2023-12-18T21:14:53 IST" name="VerifyLoginTest" data-provider="MyData" finished-at="2023-12-18T21:14:57 IST" duration-ms="3976" status="PASS">
          <params>
            <param index="0">
              <value>
                <![CDATA[{password=Test@123, email=Test99@gmail.com, username=Matin Shaikh}]]>
              </value>
            </param>
          </params>
          <reporter-output>
          </reporter-output>
        </test-method> <!-- VerifyLoginTest -->
        <test-method is-config="true" signature="tearDown()[pri:0, instance:com.mystore.testcases.TC_002_DataProviderTest_HashMap@20ccf40b]" started-at="2023-12-18T21:14:57 IST" name="tearDown" finished-at="2023-12-18T21:14:57 IST" duration-ms="0" status="PASS">
          <reporter-output>
          </reporter-output>
        </test-method> <!-- tearDown -->
        <test-method is-config="true" signature="setup()[pri:0, instance:com.mystore.testcases.TC_002_DataProviderTest_HashMap@20ccf40b]" started-at="2023-12-18T21:14:57 IST" name="setup" finished-at="2023-12-18T21:15:06 IST" duration-ms="9263" status="PASS">
          <reporter-output>
          </reporter-output>
        </test-method> <!-- setup -->
        <test-method signature="VerifyLoginTest(java.util.HashMap)[pri:0, instance:com.mystore.testcases.TC_002_DataProviderTest_HashMap@20ccf40b]" started-at="2023-12-18T21:15:06 IST" name="VerifyLoginTest" data-provider="MyData" finished-at="2023-12-18T21:15:10 IST" duration-ms="3622" status="PASS">
          <params>
            <param index="0">
              <value>
                <![CDATA[{password=Test@123, email=Test79@gmail.com, username=Test Khan}]]>
              </value>
            </param>
          </params>
          <reporter-output>
          </reporter-output>
        </test-method> <!-- VerifyLoginTest -->
        <test-method is-config="true" signature="tearDown()[pri:0, instance:com.mystore.testcases.TC_002_DataProviderTest_HashMap@20ccf40b]" started-at="2023-12-18T21:15:10 IST" name="tearDown" finished-at="2023-12-18T21:15:10 IST" duration-ms="1" status="PASS">
          <reporter-output>
          </reporter-output>
        </test-method> <!-- tearDown -->
      </class> <!-- com.mystore.testcases.TC_002_DataProviderTest_HashMap -->
    </test> <!-- Test -->
  </suite> <!-- Suite -->
</testng-results>
